  [1m[35m (2.3ms)[0m  [1m[35mCREATE DATABASE "mobile_development" ENCODING = 'unicode'[0m
  â†³ /Users/heesu/.rvm/gems/ruby-2.4.2/bin/rake:23
  [1m[35m (0.4ms)[0m  [1m[35mCREATE DATABASE "mobile_test" ENCODING = 'unicode'[0m
  â†³ /Users/heesu/.rvm/gems/ruby-2.4.2/bin/rake:23
  [1m[35m (0.3ms)[0m  [1m[35mDROP TABLE IF EXISTS "active_admin_comments"[0m
  â†³ db/schema.rb:18
  [1m[35m (0.2ms)[0m  [1m[34mSELECT sqlite_version(*)[0m
  â†³ db/schema.rb:18
  [1m[35m (1.4ms)[0m  [1m[35mCREATE TABLE "active_admin_comments" ("id" integer PRIMARY KEY AUTOINCREMENT NOT NULL, "namespace" varchar, "body" text, "resource_type" varchar, "resource_id" bigint, "author_type" varchar, "author_id" bigint, "created_at" datetime NOT NULL, "updated_at" datetime NOT NULL)[0m
  â†³ db/schema.rb:18
  [1m[35m (1.4ms)[0m  [1m[35mCREATE  INDEX "index_active_admin_comments_on_author_type_and_author_id" ON "active_admin_comments" ("author_type", "author_id")[0m
  â†³ db/schema.rb:18
  [1m[35m (1.6ms)[0m  [1m[35mCREATE  INDEX "index_active_admin_comments_on_namespace" ON "active_admin_comments" ("namespace")[0m
  â†³ db/schema.rb:18
  [1m[35m (1.3ms)[0m  [1m[35mCREATE  INDEX "index_active_admin_comments_on_resource_type_and_resource_id" ON "active_admin_comments" ("resource_type", "resource_id")[0m
  â†³ db/schema.rb:18
  [1m[35m (0.1ms)[0m  [1m[34mSELECT sqlite_version(*)[0m
  â†³ /Users/heesu/.rvm/gems/ruby-2.4.2/bin/rake:23
  [1m[35m (1.8ms)[0m  [1m[35mCREATE TABLE "schema_migrations" ("version" varchar NOT NULL PRIMARY KEY)[0m
  â†³ /Users/heesu/.rvm/gems/ruby-2.4.2/bin/rake:23
  [1m[35m (1.2ms)[0m  [1m[35mCREATE TABLE "ar_internal_metadata" ("key" varchar NOT NULL PRIMARY KEY, "value" varchar, "created_at" datetime NOT NULL, "updated_at" datetime NOT NULL)[0m
  â†³ /Users/heesu/.rvm/gems/ruby-2.4.2/bin/rake:23
  [1m[35m (0.1ms)[0m  [1m[34mSELECT "schema_migrations"."version" FROM "schema_migrations" ORDER BY "schema_migrations"."version" ASC[0m
  â†³ /Users/heesu/.rvm/gems/ruby-2.4.2/bin/rake:23
Migrating to DeviseCreateUsers (20180705071926)
  [1m[35m (0.1ms)[0m  [1m[36mbegin transaction[0m
  â†³ /Users/heesu/.rvm/gems/ruby-2.4.2/bin/rake:23
  [1m[35m (0.5ms)[0m  [1m[35mCREATE TABLE "users" ("id" integer PRIMARY KEY AUTOINCREMENT NOT NULL, "email" varchar DEFAULT '' NOT NULL, "encrypted_password" varchar DEFAULT '' NOT NULL, "reset_password_token" varchar, "reset_password_sent_at" datetime, "remember_created_at" datetime, "sign_in_count" integer DEFAULT 0 NOT NULL, "current_sign_in_at" datetime, "last_sign_in_at" datetime, "current_sign_in_ip" varchar, "last_sign_in_ip" varchar, "created_at" datetime NOT NULL, "updated_at" datetime NOT NULL)[0m
  â†³ db/migrate/20180705071926_devise_create_users.rb:5
  [1m[35m (0.4ms)[0m  [1m[35mCREATE UNIQUE INDEX "index_users_on_email" ON "users" ("email")[0m
  â†³ db/migrate/20180705071926_devise_create_users.rb:39
  [1m[35m (0.1ms)[0m  [1m[35mCREATE UNIQUE INDEX "index_users_on_reset_password_token" ON "users" ("reset_password_token")[0m
  â†³ db/migrate/20180705071926_devise_create_users.rb:40
  [1m[36mActiveRecord::SchemaMigration Create (0.3ms)[0m  [1m[32mINSERT INTO "schema_migrations" ("version") VALUES (?)[0m  [["version", "20180705071926"]]
  â†³ /Users/heesu/.rvm/gems/ruby-2.4.2/bin/rake:23
  [1m[35m (0.9ms)[0m  [1m[36mcommit transaction[0m
  â†³ /Users/heesu/.rvm/gems/ruby-2.4.2/bin/rake:23
Migrating to DeviseCreateAdminUsers (20180705072008)
  [1m[35m (0.1ms)[0m  [1m[36mbegin transaction[0m
  â†³ /Users/heesu/.rvm/gems/ruby-2.4.2/bin/rake:23
  [1m[35m (0.8ms)[0m  [1m[35mCREATE TABLE "admin_users" ("id" integer PRIMARY KEY AUTOINCREMENT NOT NULL, "email" varchar DEFAULT '' NOT NULL, "encrypted_password" varchar DEFAULT '' NOT NULL, "reset_password_token" varchar, "reset_password_sent_at" datetime, "remember_created_at" datetime, "sign_in_count" integer DEFAULT 0 NOT NULL, "current_sign_in_at" datetime, "last_sign_in_at" datetime, "current_sign_in_ip" varchar, "last_sign_in_ip" varchar, "created_at" datetime NOT NULL, "updated_at" datetime NOT NULL)[0m
  â†³ db/migrate/20180705072008_devise_create_admin_users.rb:5
  [1m[35m (0.6ms)[0m  [1m[35mCREATE UNIQUE INDEX "index_admin_users_on_email" ON "admin_users" ("email")[0m
  â†³ db/migrate/20180705072008_devise_create_admin_users.rb:39
  [1m[35m (0.2ms)[0m  [1m[35mCREATE UNIQUE INDEX "index_admin_users_on_reset_password_token" ON "admin_users" ("reset_password_token")[0m
  â†³ db/migrate/20180705072008_devise_create_admin_users.rb:40
  [1m[36mActiveRecord::SchemaMigration Create (0.3ms)[0m  [1m[32mINSERT INTO "schema_migrations" ("version") VALUES (?)[0m  [["version", "20180705072008"]]
  â†³ /Users/heesu/.rvm/gems/ruby-2.4.2/bin/rake:23
  [1m[35m (2.0ms)[0m  [1m[36mcommit transaction[0m
  â†³ /Users/heesu/.rvm/gems/ruby-2.4.2/bin/rake:23
Migrating to CreateActiveAdminComments (20180705072011)
  [1m[35m (0.1ms)[0m  [1m[36mbegin transaction[0m
  â†³ /Users/heesu/.rvm/gems/ruby-2.4.2/bin/rake:23
  [1m[35m (0.6ms)[0m  [1m[35mCREATE TABLE "active_admin_comments" ("id" integer PRIMARY KEY AUTOINCREMENT NOT NULL, "namespace" varchar, "body" text, "resource_type" varchar, "resource_id" integer, "author_type" varchar, "author_id" integer, "created_at" datetime NOT NULL, "updated_at" datetime NOT NULL)[0m
  â†³ db/migrate/20180705072011_create_active_admin_comments.rb:3
  [1m[35m (0.1ms)[0m  [1m[35mCREATE  INDEX "index_active_admin_comments_on_resource_type_and_resource_id" ON "active_admin_comments" ("resource_type", "resource_id")[0m
  â†³ db/migrate/20180705072011_create_active_admin_comments.rb:3
  [1m[35m (0.3ms)[0m  [1m[35mCREATE  INDEX "index_active_admin_comments_on_author_type_and_author_id" ON "active_admin_comments" ("author_type", "author_id")[0m
  â†³ db/migrate/20180705072011_create_active_admin_comments.rb:3
  [1m[35m (0.2ms)[0m  [1m[35mCREATE  INDEX "index_active_admin_comments_on_namespace" ON "active_admin_comments" ("namespace")[0m
  â†³ db/migrate/20180705072011_create_active_admin_comments.rb:10
  [1m[36mActiveRecord::SchemaMigration Create (0.2ms)[0m  [1m[32mINSERT INTO "schema_migrations" ("version") VALUES (?)[0m  [["version", "20180705072011"]]
  â†³ /Users/heesu/.rvm/gems/ruby-2.4.2/bin/rake:23
  [1m[35m (1.0ms)[0m  [1m[36mcommit transaction[0m
  â†³ /Users/heesu/.rvm/gems/ruby-2.4.2/bin/rake:23
Migrating to CreateVersions (20180705072026)
  [1m[35m (0.5ms)[0m  [1m[36mbegin transaction[0m
  â†³ /Users/heesu/.rvm/gems/ruby-2.4.2/bin/rake:23
  [1m[35m (1.0ms)[0m  [1m[35mCREATE TABLE "versions" ("id" integer PRIMARY KEY AUTOINCREMENT NOT NULL, "item_type" varchar NOT NULL, "item_id" integer NOT NULL, "event" varchar NOT NULL, "whodunnit" varchar, "object" text(1073741823), "created_at" datetime)[0m
  â†³ db/migrate/20180705072026_create_versions.rb:12
  [1m[35m (0.2ms)[0m  [1m[35mCREATE  INDEX "index_versions_on_item_type_and_item_id" ON "versions" ("item_type", "item_id")[0m
  â†³ db/migrate/20180705072026_create_versions.rb:34
  [1m[36mActiveRecord::SchemaMigration Create (0.4ms)[0m  [1m[32mINSERT INTO "schema_migrations" ("version") VALUES (?)[0m  [["version", "20180705072026"]]
  â†³ /Users/heesu/.rvm/gems/ruby-2.4.2/bin/rake:23
  [1m[35m (2.6ms)[0m  [1m[36mcommit transaction[0m
  â†³ /Users/heesu/.rvm/gems/ruby-2.4.2/bin/rake:23
Migrating to AddObjectChangesToVersions (20180705072027)
  [1m[35m (0.1ms)[0m  [1m[36mbegin transaction[0m
  â†³ /Users/heesu/.rvm/gems/ruby-2.4.2/bin/rake:23
  [1m[35m (0.9ms)[0m  [1m[35mALTER TABLE "versions" ADD "object_changes" text(1073741823)[0m
  â†³ db/migrate/20180705072027_add_object_changes_to_versions.rb:10
  [1m[36mActiveRecord::SchemaMigration Create (0.3ms)[0m  [1m[32mINSERT INTO "schema_migrations" ("version") VALUES (?)[0m  [["version", "20180705072027"]]
  â†³ /Users/heesu/.rvm/gems/ruby-2.4.2/bin/rake:23
  [1m[35m (1.6ms)[0m  [1m[36mcommit transaction[0m
  â†³ /Users/heesu/.rvm/gems/ruby-2.4.2/bin/rake:23
Migrating to CreatePages (20180705072028)
  [1m[35m (0.1ms)[0m  [1m[36mbegin transaction[0m
  â†³ /Users/heesu/.rvm/gems/ruby-2.4.2/bin/rake:23
  [1m[35m (0.7ms)[0m  [1m[35mCREATE TABLE "pages" ("id" integer PRIMARY KEY AUTOINCREMENT NOT NULL, "title" varchar, "name" varchar, "body" text, "created_at" datetime NOT NULL, "updated_at" datetime NOT NULL)[0m
  â†³ db/migrate/20180705072028_create_pages.rb:3
  [1m[35m (0.3ms)[0m  [1m[35mCREATE  INDEX "index_pages_on_name" ON "pages" ("name")[0m
  â†³ db/migrate/20180705072028_create_pages.rb:10
  [1m[36mActiveRecord::SchemaMigration Create (0.6ms)[0m  [1m[32mINSERT INTO "schema_migrations" ("version") VALUES (?)[0m  [["version", "20180705072028"]]
  â†³ /Users/heesu/.rvm/gems/ruby-2.4.2/bin/rake:23
  [1m[35m (1.0ms)[0m  [1m[36mcommit transaction[0m
  â†³ /Users/heesu/.rvm/gems/ruby-2.4.2/bin/rake:23
Migrating to CreateSettings (20180705072030)
  [1m[35m (0.1ms)[0m  [1m[36mbegin transaction[0m
  â†³ /Users/heesu/.rvm/gems/ruby-2.4.2/bin/rake:23
  [1m[35m (0.7ms)[0m  [1m[35mCREATE TABLE "settings" ("id" integer PRIMARY KEY AUTOINCREMENT NOT NULL, "title" varchar, "name" varchar, "body" text, "image" varchar, "url" varchar, "position" integer, "created_at" datetime NOT NULL, "updated_at" datetime NOT NULL)[0m
  â†³ db/migrate/20180705072030_create_settings.rb:3
  [1m[35m (0.2ms)[0m  [1m[35mCREATE  INDEX "index_settings_on_name" ON "settings" ("name")[0m
  â†³ db/migrate/20180705072030_create_settings.rb:13
  [1m[35m (0.2ms)[0m  [1m[35mCREATE  INDEX "index_settings_on_position" ON "settings" ("position")[0m
  â†³ db/migrate/20180705072030_create_settings.rb:14
  [1m[36mActiveRecord::SchemaMigration Create (0.2ms)[0m  [1m[32mINSERT INTO "schema_migrations" ("version") VALUES (?)[0m  [["version", "20180705072030"]]
  â†³ /Users/heesu/.rvm/gems/ruby-2.4.2/bin/rake:23
  [1m[35m (0.7ms)[0m  [1m[36mcommit transaction[0m
  â†³ /Users/heesu/.rvm/gems/ruby-2.4.2/bin/rake:23
Migrating to CreatePosts (20180705072032)
  [1m[35m (0.1ms)[0m  [1m[36mbegin transaction[0m
  â†³ /Users/heesu/.rvm/gems/ruby-2.4.2/bin/rake:23
  [1m[35m (0.6ms)[0m  [1m[35mCREATE TABLE "posts" ("id" integer PRIMARY KEY AUTOINCREMENT NOT NULL, "user_id" integer, "title" varchar, "body" text, "image" varchar, "created_at" datetime NOT NULL, "updated_at" datetime NOT NULL, CONSTRAINT "fk_rails_5b5ddfd518"
FOREIGN KEY ("user_id")
  REFERENCES "users" ("id")
)[0m
  â†³ db/migrate/20180705072032_create_posts.rb:3
  [1m[35m (0.2ms)[0m  [1m[35mCREATE  INDEX "index_posts_on_user_id" ON "posts" ("user_id")[0m
  â†³ db/migrate/20180705072032_create_posts.rb:3
  [1m[36mActiveRecord::SchemaMigration Create (0.1ms)[0m  [1m[32mINSERT INTO "schema_migrations" ("version") VALUES (?)[0m  [["version", "20180705072032"]]
  â†³ /Users/heesu/.rvm/gems/ruby-2.4.2/bin/rake:23
  [1m[35m (0.6ms)[0m  [1m[36mcommit transaction[0m
  â†³ /Users/heesu/.rvm/gems/ruby-2.4.2/bin/rake:23
Migrating to CreateComments (20180705072034)
  [1m[35m (0.1ms)[0m  [1m[36mbegin transaction[0m
  â†³ /Users/heesu/.rvm/gems/ruby-2.4.2/bin/rake:23
  [1m[35m (0.4ms)[0m  [1m[35mCREATE TABLE "comments" ("id" integer PRIMARY KEY AUTOINCREMENT NOT NULL, "user_id" integer, "body" text, "created_at" datetime NOT NULL, "updated_at" datetime NOT NULL, CONSTRAINT "fk_rails_03de2dc08c"
FOREIGN KEY ("user_id")
  REFERENCES "users" ("id")
)[0m
  â†³ db/migrate/20180705072034_create_comments.rb:3
  [1m[35m (0.1ms)[0m  [1m[35mCREATE  INDEX "index_comments_on_user_id" ON "comments" ("user_id")[0m
  â†³ db/migrate/20180705072034_create_comments.rb:3
  [1m[36mActiveRecord::SchemaMigration Create (0.1ms)[0m  [1m[32mINSERT INTO "schema_migrations" ("version") VALUES (?)[0m  [["version", "20180705072034"]]
  â†³ /Users/heesu/.rvm/gems/ruby-2.4.2/bin/rake:23
  [1m[35m (1.3ms)[0m  [1m[36mcommit transaction[0m
  â†³ /Users/heesu/.rvm/gems/ruby-2.4.2/bin/rake:23
Migrating to CreateFaqs (20180705072036)
  [1m[35m (0.2ms)[0m  [1m[36mbegin transaction[0m
  â†³ /Users/heesu/.rvm/gems/ruby-2.4.2/bin/rake:23
  [1m[35m (0.6ms)[0m  [1m[35mCREATE TABLE "faqs" ("id" integer PRIMARY KEY AUTOINCREMENT NOT NULL, "title" varchar, "body" text, "position" integer, "created_at" datetime NOT NULL, "updated_at" datetime NOT NULL)[0m
  â†³ db/migrate/20180705072036_create_faqs.rb:3
  [1m[35m (0.2ms)[0m  [1m[35mCREATE  INDEX "index_faqs_on_position" ON "faqs" ("position")[0m
  â†³ db/migrate/20180705072036_create_faqs.rb:10
  [1m[36mActiveRecord::SchemaMigration Create (0.2ms)[0m  [1m[32mINSERT INTO "schema_migrations" ("version") VALUES (?)[0m  [["version", "20180705072036"]]
  â†³ /Users/heesu/.rvm/gems/ruby-2.4.2/bin/rake:23
  [1m[35m (0.8ms)[0m  [1m[36mcommit transaction[0m
  â†³ /Users/heesu/.rvm/gems/ruby-2.4.2/bin/rake:23
Migrating to CreateMessages (20180705072038)
  [1m[35m (0.1ms)[0m  [1m[36mbegin transaction[0m
  â†³ /Users/heesu/.rvm/gems/ruby-2.4.2/bin/rake:23
  [1m[35m (0.6ms)[0m  [1m[35mCREATE TABLE "messages" ("id" integer PRIMARY KEY AUTOINCREMENT NOT NULL, "user_id" integer, "title" varchar, "body" text, "created_at" datetime NOT NULL, "updated_at" datetime NOT NULL, CONSTRAINT "fk_rails_273a25a7a6"
FOREIGN KEY ("user_id")
  REFERENCES "users" ("id")
)[0m
  â†³ db/migrate/20180705072038_create_messages.rb:3
  [1m[35m (0.2ms)[0m  [1m[35mCREATE  INDEX "index_messages_on_user_id" ON "messages" ("user_id")[0m
  â†³ db/migrate/20180705072038_create_messages.rb:3
  [1m[36mActiveRecord::SchemaMigration Create (0.2ms)[0m  [1m[32mINSERT INTO "schema_migrations" ("version") VALUES (?)[0m  [["version", "20180705072038"]]
  â†³ /Users/heesu/.rvm/gems/ruby-2.4.2/bin/rake:23
  [1m[35m (0.7ms)[0m  [1m[36mcommit transaction[0m
  â†³ /Users/heesu/.rvm/gems/ruby-2.4.2/bin/rake:23
Migrating to CreateIntros (20180705072040)
  [1m[35m (0.1ms)[0m  [1m[36mbegin transaction[0m
  â†³ /Users/heesu/.rvm/gems/ruby-2.4.2/bin/rake:23
  [1m[35m (1.1ms)[0m  [1m[35mCREATE TABLE "intros" ("id" integer PRIMARY KEY AUTOINCREMENT NOT NULL, "title" varchar, "body" text, "image" varchar, "position" integer, "created_at" datetime NOT NULL, "updated_at" datetime NOT NULL)[0m
  â†³ db/migrate/20180705072040_create_intros.rb:3
  [1m[35m (0.4ms)[0m  [1m[35mCREATE  INDEX "index_intros_on_position" ON "intros" ("position")[0m
  â†³ db/migrate/20180705072040_create_intros.rb:11
  [1m[36mActiveRecord::SchemaMigration Create (0.3ms)[0m  [1m[32mINSERT INTO "schema_migrations" ("version") VALUES (?)[0m  [["version", "20180705072040"]]
  â†³ /Users/heesu/.rvm/gems/ruby-2.4.2/bin/rake:23
  [1m[35m (1.0ms)[0m  [1m[36mcommit transaction[0m
  â†³ /Users/heesu/.rvm/gems/ruby-2.4.2/bin/rake:23
Migrating to AddColsToUsers (20180705072042)
  [1m[35m (0.1ms)[0m  [1m[36mbegin transaction[0m
  â†³ /Users/heesu/.rvm/gems/ruby-2.4.2/bin/rake:23
  [1m[35m (0.6ms)[0m  [1m[35mALTER TABLE "users" ADD "name" varchar[0m
  â†³ db/migrate/20180705072042_add_cols_to_users.rb:3
  [1m[35m (0.3ms)[0m  [1m[35mCREATE  INDEX "index_users_on_name" ON "users" ("name")[0m
  â†³ db/migrate/20180705072042_add_cols_to_users.rb:4
  [1m[35m (0.3ms)[0m  [1m[35mALTER TABLE "users" ADD "username" varchar[0m
  â†³ db/migrate/20180705072042_add_cols_to_users.rb:5
  [1m[35m (0.1ms)[0m  [1m[35mCREATE  INDEX "index_users_on_username" ON "users" ("username")[0m
  â†³ db/migrate/20180705072042_add_cols_to_users.rb:6
  [1m[35m (0.3ms)[0m  [1m[35mALTER TABLE "users" ADD "image" varchar[0m
  â†³ db/migrate/20180705072042_add_cols_to_users.rb:7
  [1m[35m (0.3ms)[0m  [1m[35mALTER TABLE "users" ADD "phone" varchar[0m
  â†³ db/migrate/20180705072042_add_cols_to_users.rb:8
  [1m[35m (0.2ms)[0m  [1m[35mCREATE  INDEX "index_users_on_phone" ON "users" ("phone")[0m
  â†³ db/migrate/20180705072042_add_cols_to_users.rb:9
  [1m[35m (0.4ms)[0m  [1m[35mALTER TABLE "users" ADD "zipcode" varchar[0m
  â†³ db/migrate/20180705072042_add_cols_to_users.rb:10
  [1m[35m (0.3ms)[0m  [1m[35mALTER TABLE "users" ADD "address1" varchar[0m
  â†³ db/migrate/20180705072042_add_cols_to_users.rb:11
  [1m[35m (0.3ms)[0m  [1m[35mALTER TABLE "users" ADD "address2" varchar[0m
  â†³ db/migrate/20180705072042_add_cols_to_users.rb:12
  [1m[35m (0.4ms)[0m  [1m[35mALTER TABLE "users" ADD "deleted_at" datetime[0m
  â†³ db/migrate/20180705072042_add_cols_to_users.rb:13
  [1m[35m (0.1ms)[0m  [1m[35mCREATE  INDEX "index_users_on_deleted_at" ON "users" ("deleted_at")[0m
  â†³ db/migrate/20180705072042_add_cols_to_users.rb:14
  [1m[36mActiveRecord::SchemaMigration Create (0.2ms)[0m  [1m[32mINSERT INTO "schema_migrations" ("version") VALUES (?)[0m  [["version", "20180705072042"]]
  â†³ /Users/heesu/.rvm/gems/ruby-2.4.2/bin/rake:23
  [1m[35m (0.7ms)[0m  [1m[36mcommit transaction[0m
  â†³ /Users/heesu/.rvm/gems/ruby-2.4.2/bin/rake:23
  [1m[36mActiveRecord::InternalMetadata Load (0.3ms)[0m  [1m[34mSELECT  "ar_internal_metadata".* FROM "ar_internal_metadata" WHERE "ar_internal_metadata"."key" = ? LIMIT ?[0m  [["key", "environment"], ["LIMIT", 1]]
  â†³ /Users/heesu/.rvm/gems/ruby-2.4.2/bin/rake:23
  [1m[35m (0.1ms)[0m  [1m[36mbegin transaction[0m
  â†³ /Users/heesu/.rvm/gems/ruby-2.4.2/bin/rake:23
  [1m[36mActiveRecord::InternalMetadata Create (0.4ms)[0m  [1m[32mINSERT INTO "ar_internal_metadata" ("key", "value", "created_at", "updated_at") VALUES (?, ?, ?, ?)[0m  [["key", "environment"], ["value", "development"], ["created_at", "2018-09-19 08:17:41.021220"], ["updated_at", "2018-09-19 08:17:41.021220"]]
  â†³ /Users/heesu/.rvm/gems/ruby-2.4.2/bin/rake:23
  [1m[35m (0.5ms)[0m  [1m[36mcommit transaction[0m
  â†³ /Users/heesu/.rvm/gems/ruby-2.4.2/bin/rake:23
  [1m[35m (0.1ms)[0m  [1m[34mSELECT "schema_migrations"."version" FROM "schema_migrations" ORDER BY "schema_migrations"."version" ASC[0m
  â†³ /Users/heesu/.rvm/gems/ruby-2.4.2/bin/rake:23
Started GET "/" for 127.0.0.1 at 2018-09-19 17:17:49 +0900
  [1m[35m (0.2ms)[0m  [1m[34mSELECT "schema_migrations"."version" FROM "schema_migrations" ORDER BY "schema_migrations"."version" ASC[0m
  â†³ /Users/heesu/.rvm/gems/ruby-2.4.2/gems/activerecord-5.2.0/lib/active_record/log_subscriber.rb:98
Processing by HomeController#index as HTML
  Rendering home/index.html.erb within layouts/application
  Rendered shared/_navbar.html.erb (0.4ms)
  Rendered shared/_left.html.erb (6.8ms)
  Rendered shared/_right.html.erb (0.8ms)
  Rendered home/index.html.erb within layouts/application (18.3ms)
  Rendered shared/_routes.html.erb (5.0ms)
Completed 200 OK in 6038ms (Views: 6026.8ms | ActiveRecord: 0.0ms)


Started GET "/users/sign_in" for 127.0.0.1 at 2018-09-19 17:18:08 +0900
Processing by Users::SessionsController#new as */*
  Rendering devise/sessions/new.html.erb within layouts/application
  Rendered shared/_navback.html.erb (0.6ms)
  Rendered shared/_toolbar.html.erb (0.5ms)
  Rendered shared/_input.html.erb (10.8ms)
  Rendered shared/_input.html.erb (1.4ms)
  Rendered shared/_submit.html.erb (0.4ms)
  Rendered devise/sessions/new.html.erb within layouts/application (25.8ms)
  Rendered shared/_routes.html.erb (6.7ms)
Completed 200 OK in 109ms (Views: 86.5ms | ActiveRecord: 0.8ms)


Started GET "/" for 127.0.0.1 at 2018-09-19 17:21:03 +0900
  [1m[35m (0.4ms)[0m  [1m[34mSELECT "schema_migrations"."version" FROM "schema_migrations" ORDER BY "schema_migrations"."version" ASC[0m
  â†³ /Users/heesu/.rvm/gems/ruby-2.4.2/gems/activerecord-5.2.0/lib/active_record/log_subscriber.rb:98
Processing by HomeController#index as HTML
  Rendering home/index.html.erb within layouts/application
  Rendered shared/_navbar.html.erb (0.3ms)
  Rendered shared/_left.html.erb (4.7ms)
  Rendered shared/_right.html.erb (0.3ms)
  Rendered home/index.html.erb within layouts/application (13.3ms)
  Rendered shared/_routes.html.erb (7.3ms)
Completed 200 OK in 452ms (Views: 441.3ms | ActiveRecord: 0.0ms)


Started GET "/" for 127.0.0.1 at 2018-09-19 17:24:35 +0900
  [1m[35m (0.5ms)[0m  [1m[34mSELECT "schema_migrations"."version" FROM "schema_migrations" ORDER BY "schema_migrations"."version" ASC[0m
  â†³ /Users/heesu/.rvm/gems/ruby-2.4.2/gems/activerecord-5.2.0/lib/active_record/log_subscriber.rb:98
Processing by HomeController#index as HTML
  Rendering home/index.html.erb within layouts/application
  Rendered shared/_navbar.html.erb (0.4ms)
  Rendered shared/_left.html.erb (5.7ms)
  Rendered shared/_right.html.erb (0.4ms)
  Rendered home/index.html.erb within layouts/application (23.2ms)
  Rendered shared/_routes.html.erb (7.6ms)
Completed 200 OK in 586ms (Views: 571.4ms | ActiveRecord: 0.0ms)


Started GET "/users/sign_in" for 127.0.0.1 at 2018-09-19 17:24:42 +0900
Processing by Users::SessionsController#new as */*
  Rendering devise/sessions/new.html.erb within layouts/application
  Rendered shared/_navback.html.erb (0.4ms)
  Rendered shared/_toolbar.html.erb (1.0ms)
  Rendered shared/_input.html.erb (3.7ms)
  Rendered shared/_input.html.erb (0.8ms)
  Rendered shared/_submit.html.erb (1.1ms)
  Rendered devise/sessions/new.html.erb within layouts/application (28.5ms)
  Rendered shared/_routes.html.erb (7.5ms)
Completed 200 OK in 190ms (Views: 147.8ms | ActiveRecord: 1.3ms)


Started GET "/" for 127.0.0.1 at 2018-09-20 00:06:31 +0900
  [1m[35m (0.5ms)[0m  [1m[34mSELECT "schema_migrations"."version" FROM "schema_migrations" ORDER BY "schema_migrations"."version" ASC[0m
  â†³ /Users/heesu/.rvm/gems/ruby-2.4.2/gems/activerecord-5.2.0/lib/active_record/log_subscriber.rb:98
Processing by HomeController#index as HTML
  Rendering home/index.html.erb within layouts/application
  Rendered shared/_navbar.html.erb (0.7ms)
  Rendered shared/_left.html.erb (5.8ms)
  Rendered shared/_right.html.erb (0.4ms)
  Rendered home/index.html.erb within layouts/application (18.7ms)
  Rendered shared/_routes.html.erb (9.0ms)
Completed 200 OK in 684ms (Views: 662.9ms | ActiveRecord: 0.0ms)


Started GET "/users/sign_in" for 127.0.0.1 at 2018-09-20 00:06:41 +0900
Processing by Users::SessionsController#new as */*
  Rendering devise/sessions/new.html.erb within layouts/application
  Rendered shared/_navback.html.erb (0.5ms)
  Rendered shared/_toolbar.html.erb (0.8ms)
  Rendered shared/_input.html.erb (5.5ms)
  Rendered shared/_input.html.erb (1.2ms)
  Rendered shared/_submit.html.erb (1.3ms)
  Rendered devise/sessions/new.html.erb within layouts/application (37.3ms)
  Rendered shared/_routes.html.erb (4.9ms)
Completed 200 OK in 142ms (Views: 111.4ms | ActiveRecord: 1.1ms)


Started GET "/" for 127.0.0.1 at 2018-09-20 00:07:04 +0900
Processing by HomeController#index as HTML
  Rendering home/index.html.erb within layouts/application
  Rendered shared/_navbar.html.erb (0.3ms)
  Rendered shared/_left.html.erb (0.7ms)
  Rendered shared/_right.html.erb (0.4ms)
  Rendered home/index.html.erb within layouts/application (7.7ms)
  Rendered shared/_routes.html.erb (5.0ms)
Completed 200 OK in 38ms (Views: 35.3ms | ActiveRecord: 0.0ms)


Started GET "/users/sign_up" for 127.0.0.1 at 2018-09-20 00:07:05 +0900
Processing by Users::RegistrationsController#new as */*
  Rendering devise/registrations/new.html.erb within layouts/application
  Rendered shared/_navback.html.erb (0.5ms)
  Rendered shared/_input.html.erb (1.5ms)
  Rendered shared/_input.html.erb (0.6ms)
  Rendered shared/_input.html.erb (0.8ms)
  Rendered shared/_submit.html.erb (0.6ms)
  Rendered devise/shared/_links.html.erb (1.2ms)
  Rendered devise/registrations/new.html.erb within layouts/application (60.9ms)
  Rendered shared/_routes.html.erb (7.0ms)
Completed 200 OK in 175ms (Views: 172.6ms | ActiveRecord: 0.0ms)


Started GET "/users/sign_up" for 127.0.0.1 at 2018-09-20 00:07:05 +0900
Processing by Users::RegistrationsController#new as */*
  Rendering devise/registrations/new.html.erb within layouts/application
  Rendered shared/_navback.html.erb (0.3ms)
  Rendered shared/_input.html.erb (0.8ms)
  Rendered shared/_input.html.erb (0.3ms)
  Rendered shared/_input.html.erb (0.4ms)
  Rendered shared/_submit.html.erb (0.4ms)
  Rendered devise/shared/_links.html.erb (0.7ms)
  Rendered devise/registrations/new.html.erb within layouts/application (18.3ms)
  Rendered shared/_routes.html.erb (3.9ms)
Completed 200 OK in 116ms (Views: 115.0ms | ActiveRecord: 0.0ms)


Started GET "/users/sign_in" for 127.0.0.1 at 2018-09-20 00:07:13 +0900
Processing by Users::SessionsController#new as */*
  Rendering devise/sessions/new.html.erb within layouts/application
  Rendered shared/_navback.html.erb (0.2ms)
  Rendered shared/_toolbar.html.erb (0.4ms)
  Rendered shared/_input.html.erb (0.8ms)
  Rendered shared/_input.html.erb (0.3ms)
  Rendered shared/_submit.html.erb (0.4ms)
  Rendered devise/sessions/new.html.erb within layouts/application (9.3ms)
  Rendered shared/_routes.html.erb (3.8ms)
Completed 200 OK in 59ms (Views: 57.7ms | ActiveRecord: 0.0ms)


Started GET "/" for 127.0.0.1 at 2018-09-20 00:08:06 +0900
Processing by HomeController#index as HTML
  Rendering home/index.html.erb within layouts/application
  Rendered shared/_navbar.html.erb (0.3ms)
  Rendered shared/_left.html.erb (0.8ms)
  Rendered shared/_right.html.erb (0.4ms)
  Rendered home/index.html.erb within layouts/application (8.4ms)
  Rendered shared/_routes.html.erb (4.2ms)
Completed 200 OK in 38ms (Views: 35.4ms | ActiveRecord: 0.0ms)


Started GET "/users/sign_in" for 127.0.0.1 at 2018-09-20 00:08:07 +0900
Processing by Users::SessionsController#new as */*
  Rendering devise/sessions/new.html.erb within layouts/application
  Rendered shared/_navback.html.erb (0.5ms)
  Rendered shared/_input.html.erb (1.4ms)
  Rendered shared/_input.html.erb (0.6ms)
  Rendered shared/_submit.html.erb (0.8ms)
  Rendered devise/sessions/new.html.erb within layouts/application (15.3ms)
  Rendered shared/_routes.html.erb (6.9ms)
Completed 200 OK in 93ms (Views: 91.2ms | ActiveRecord: 0.0ms)


Started GET "/" for 127.0.0.1 at 2018-09-20 00:10:05 +0900
Processing by HomeController#index as HTML
Completed 401 Unauthorized in 2ms (ActiveRecord: 0.0ms)


Started GET "/users/sign_in" for 127.0.0.1 at 2018-09-20 00:10:06 +0900
Processing by Users::SessionsController#new as HTML
  Rendering devise/sessions/new.html.erb within layouts/application
  Rendered shared/_navback.html.erb (0.3ms)
  Rendered shared/_input.html.erb (0.9ms)
  Rendered shared/_input.html.erb (0.4ms)
  Rendered shared/_submit.html.erb (0.5ms)
  Rendered devise/sessions/new.html.erb within layouts/application (13.0ms)
  Rendered shared/_routes.html.erb (5.1ms)
Completed 200 OK in 120ms (Views: 91.0ms | ActiveRecord: 0.9ms)


Started GET "/users/sign_in" for 127.0.0.1 at 2018-09-20 00:10:16 +0900
Processing by Users::SessionsController#new as HTML
  Rendering devise/sessions/new.html.erb within layouts/application
  Rendered shared/_input.html.erb (0.9ms)
  Rendered shared/_input.html.erb (0.3ms)
  Rendered shared/_submit.html.erb (0.4ms)
  Rendered devise/sessions/new.html.erb within layouts/application (7.0ms)
  Rendered shared/_routes.html.erb (3.0ms)
Completed 200 OK in 55ms (Views: 53.6ms | ActiveRecord: 0.0ms)


Started GET "/users/sign_in" for 127.0.0.1 at 2018-09-20 00:11:26 +0900
Processing by Users::SessionsController#new as HTML
  Rendering devise/sessions/new.html.erb within layouts/application
  Rendered devise/sessions/new.html.erb within layouts/application (22.5ms)
  Rendered shared/_routes.html.erb (4.2ms)
Completed 200 OK in 76ms (Views: 73.9ms | ActiveRecord: 0.0ms)


Started GET "/dhr/img/logo_ballad.png" for 127.0.0.1 at 2018-09-20 00:11:26 +0900
  
ActionController::RoutingError (No route matches [GET] "/dhr/img/logo_ballad.png"):
  
actionpack (5.2.0) lib/action_dispatch/middleware/debug_exceptions.rb:65:in `call'
web-console (3.6.2) lib/web_console/middleware.rb:135:in `call_app'
web-console (3.6.2) lib/web_console/middleware.rb:30:in `block in call'
web-console (3.6.2) lib/web_console/middleware.rb:20:in `catch'
web-console (3.6.2) lib/web_console/middleware.rb:20:in `call'
actionpack (5.2.0) lib/action_dispatch/middleware/show_exceptions.rb:33:in `call'
railties (5.2.0) lib/rails/rack/logger.rb:38:in `call_app'
railties (5.2.0) lib/rails/rack/logger.rb:26:in `block in call'
activesupport (5.2.0) lib/active_support/tagged_logging.rb:71:in `block in tagged'
activesupport (5.2.0) lib/active_support/tagged_logging.rb:28:in `tagged'
activesupport (5.2.0) lib/active_support/tagged_logging.rb:71:in `tagged'
railties (5.2.0) lib/rails/rack/logger.rb:26:in `call'
sprockets-rails (3.2.1) lib/sprockets/rails/quiet_assets.rb:13:in `call'
actionpack (5.2.0) lib/action_dispatch/middleware/remote_ip.rb:81:in `call'
request_store (1.4.1) lib/request_store/middleware.rb:19:in `call'
actionpack (5.2.0) lib/action_dispatch/middleware/request_id.rb:27:in `call'
rack (2.0.5) lib/rack/method_override.rb:22:in `call'
rack (2.0.5) lib/rack/runtime.rb:22:in `call'
activesupport (5.2.0) lib/active_support/cache/strategy/local_cache_middleware.rb:29:in `call'
actionpack (5.2.0) lib/action_dispatch/middleware/executor.rb:14:in `call'
actionpack (5.2.0) lib/action_dispatch/middleware/static.rb:127:in `call'
rack (2.0.5) lib/rack/sendfile.rb:111:in `call'
railties (5.2.0) lib/rails/engine.rb:524:in `call'
puma (3.11.4) lib/puma/configuration.rb:225:in `call'
puma (3.11.4) lib/puma/server.rb:632:in `handle_request'
puma (3.11.4) lib/puma/server.rb:446:in `process_client'
puma (3.11.4) lib/puma/server.rb:306:in `block in run'
puma (3.11.4) lib/puma/thread_pool.rb:120:in `block in spawn_thread'
Started GET "/users/sign_in" for 127.0.0.1 at 2018-09-20 00:11:50 +0900
Processing by Users::SessionsController#new as HTML
  Rendering devise/sessions/new.html.erb within layouts/application
  Rendered devise/sessions/new.html.erb within layouts/application (2.2ms)
  Rendered shared/_routes.html.erb (3.9ms)
Completed 200 OK in 55ms (Views: 52.6ms | ActiveRecord: 0.0ms)


Started GET "/users/sign_in" for 127.0.0.1 at 2018-09-20 00:12:09 +0900
Processing by Users::SessionsController#new as HTML
  Rendering devise/sessions/new.html.erb within layouts/application
  Rendered devise/sessions/new.html.erb within layouts/application (2.0ms)
  Rendered shared/_routes.html.erb (3.4ms)
Completed 200 OK in 51ms (Views: 48.4ms | ActiveRecord: 0.0ms)


Started GET "/users/sign_in" for 127.0.0.1 at 2018-09-20 00:12:17 +0900
Processing by Users::SessionsController#new as HTML
  Rendering devise/sessions/new.html.erb within layouts/application
  Rendered devise/sessions/new.html.erb within layouts/application (1.8ms)
  Rendered shared/_routes.html.erb (3.3ms)
Completed 200 OK in 51ms (Views: 49.4ms | ActiveRecord: 0.0ms)


Started POST "/users/sign_in" for 127.0.0.1 at 2018-09-20 00:12:35 +0900
Processing by Users::SessionsController#create as HTML
  Parameters: {"utf8"=>"âœ“", "authenticity_token"=>"luaI32KXc0RsVw43I7XatP+lV7/dv42kxzy77Fkv386A8W2ab2H5010ejQ7KiDtwxAiV34T1dFcgvFkJgX1xHQ==", "user"=>{"email"=>"", "password"=>"[FILTERED]", "remember_me"=>"0"}, "button"=>""}
Completed 401 Unauthorized in 2ms (ActiveRecord: 0.0ms)


Processing by Users::SessionsController#new as HTML
  Parameters: {"utf8"=>"âœ“", "authenticity_token"=>"luaI32KXc0RsVw43I7XatP+lV7/dv42kxzy77Fkv386A8W2ab2H5010ejQ7KiDtwxAiV34T1dFcgvFkJgX1xHQ==", "user"=>{"email"=>"", "password"=>"[FILTERED]", "remember_me"=>"0"}, "button"=>""}
  Rendering devise/sessions/new.html.erb within layouts/application
  Rendered devise/sessions/new.html.erb within layouts/application (1.9ms)
  Rendered shared/_routes.html.erb (4.1ms)
Completed 200 OK in 54ms (Views: 53.3ms | ActiveRecord: 0.0ms)


Started POST "/users/sign_in" for 127.0.0.1 at 2018-09-20 00:12:37 +0900
Processing by Users::SessionsController#create as HTML
  Parameters: {"utf8"=>"âœ“", "authenticity_token"=>"VwWdza0UHOPQxidCvLd0hlByg9dKGksIss96UW/PMGZBEniIoOKWdOGPpHtVipVCa99BtxNQsvtVT5i0t52etQ==", "user"=>{"email"=>"", "password"=>"[FILTERED]", "remember_me"=>"0"}, "button"=>""}
Completed 401 Unauthorized in 1ms (ActiveRecord: 0.0ms)


Processing by Users::SessionsController#new as HTML
  Parameters: {"utf8"=>"âœ“", "authenticity_token"=>"VwWdza0UHOPQxidCvLd0hlByg9dKGksIss96UW/PMGZBEniIoOKWdOGPpHtVipVCa99BtxNQsvtVT5i0t52etQ==", "user"=>{"email"=>"", "password"=>"[FILTERED]", "remember_me"=>"0"}, "button"=>""}
  Rendering devise/sessions/new.html.erb within layouts/application
  Rendered devise/sessions/new.html.erb within layouts/application (1.8ms)
  Rendered shared/_routes.html.erb (3.2ms)
Completed 200 OK in 67ms (Views: 65.5ms | ActiveRecord: 0.0ms)


Started POST "/users/sign_in" for 127.0.0.1 at 2018-09-20 00:12:37 +0900
Processing by Users::SessionsController#create as HTML
  Parameters: {"utf8"=>"âœ“", "authenticity_token"=>"MJFM3zlgESA/ZMSMsJbQmSXDXPh/3BKK/06BPhJjbVkmhqmaNJabtw4tR7VZqzFdHm6emCaW63kYzmPbyjHDig==", "user"=>{"email"=>"", "password"=>"[FILTERED]", "remember_me"=>"0"}, "button"=>""}
Completed 401 Unauthorized in 1ms (ActiveRecord: 0.0ms)


Processing by Users::SessionsController#new as HTML
  Parameters: {"utf8"=>"âœ“", "authenticity_token"=>"MJFM3zlgESA/ZMSMsJbQmSXDXPh/3BKK/06BPhJjbVkmhqmaNJabtw4tR7VZqzFdHm6emCaW63kYzmPbyjHDig==", "user"=>{"email"=>"", "password"=>"[FILTERED]", "remember_me"=>"0"}, "button"=>""}
  Rendering devise/sessions/new.html.erb within layouts/application
  Rendered devise/sessions/new.html.erb within layouts/application (3.1ms)
  Rendered shared/_routes.html.erb (4.4ms)
Completed 200 OK in 57ms (Views: 55.0ms | ActiveRecord: 0.0ms)


Started POST "/users/sign_in" for 127.0.0.1 at 2018-09-20 00:12:38 +0900
Processing by Users::SessionsController#create as HTML
  Parameters: {"utf8"=>"âœ“", "authenticity_token"=>"IURHB5cS9G85CFKH4En7+atIqY03555x3KaLUYnMXZQ3U6JCmuR++AhB0b4JdBo9kOVr7W6tZ4I7Jmm0UZ7zRw==", "user"=>{"email"=>"", "password"=>"[FILTERED]", "remember_me"=>"0"}, "button"=>""}
Completed 401 Unauthorized in 1ms (ActiveRecord: 0.0ms)


Processing by Users::SessionsController#new as HTML
  Parameters: {"utf8"=>"âœ“", "authenticity_token"=>"IURHB5cS9G85CFKH4En7+atIqY03555x3KaLUYnMXZQ3U6JCmuR++AhB0b4JdBo9kOVr7W6tZ4I7Jmm0UZ7zRw==", "user"=>{"email"=>"", "password"=>"[FILTERED]", "remember_me"=>"0"}, "button"=>""}
  Rendering devise/sessions/new.html.erb within layouts/application
  Rendered devise/sessions/new.html.erb within layouts/application (2.1ms)
  Rendered shared/_routes.html.erb (3.3ms)
Completed 200 OK in 54ms (Views: 52.8ms | ActiveRecord: 0.0ms)


Started GET "/users/sign_in" for 127.0.0.1 at 2018-09-20 00:15:54 +0900
Processing by Users::SessionsController#new as HTML
  Rendering devise/sessions/new.html.erb within layouts/application
  Rendered devise/sessions/new.html.erb within layouts/application (2.3ms)
  Rendered shared/_routes.html.erb (3.6ms)
Completed 200 OK in 52ms (Views: 49.6ms | ActiveRecord: 0.0ms)


Started GET "/users/sign_in" for 127.0.0.1 at 2018-09-20 00:17:22 +0900
Processing by Users::SessionsController#new as HTML
  Rendering devise/sessions/new.html.erb within layouts/application
  Rendered devise/sessions/new.html.erb within layouts/application (1.7ms)
  Rendered shared/_routes.html.erb (3.5ms)
Completed 200 OK in 52ms (Views: 49.7ms | ActiveRecord: 0.0ms)


Started GET "/users/sign_in" for 127.0.0.1 at 2018-09-20 00:17:33 +0900
Processing by Users::SessionsController#new as HTML
  Rendering devise/sessions/new.html.erb within layouts/application
  Rendered devise/sessions/new.html.erb within layouts/application (1.7ms)
  Rendered shared/_routes.html.erb (3.6ms)
Completed 200 OK in 49ms (Views: 47.4ms | ActiveRecord: 0.0ms)


Started GET "/users/sign_in" for 127.0.0.1 at 2018-09-20 00:17:35 +0900
Processing by Users::SessionsController#new as HTML
  Rendering devise/sessions/new.html.erb within layouts/application
  Rendered devise/sessions/new.html.erb within layouts/application (1.7ms)
  Rendered shared/_routes.html.erb (2.9ms)
Completed 200 OK in 49ms (Views: 47.4ms | ActiveRecord: 0.0ms)


Started GET "/users/sign_in" for 127.0.0.1 at 2018-09-20 00:17:44 +0900
Processing by Users::SessionsController#new as HTML
  Rendering devise/sessions/new.html.erb within layouts/application
  Rendered devise/sessions/new.html.erb within layouts/application (1.7ms)
  Rendered shared/_routes.html.erb (2.8ms)
Completed 200 OK in 48ms (Views: 46.1ms | ActiveRecord: 0.0ms)


Started GET "/users/sign_in" for 127.0.0.1 at 2018-09-20 00:18:08 +0900
Processing by Users::SessionsController#new as HTML
  Rendering devise/sessions/new.html.erb within layouts/application
  Rendered devise/sessions/new.html.erb within layouts/application (2.3ms)
  Rendered shared/_routes.html.erb (3.3ms)
Completed 200 OK in 56ms (Views: 54.2ms | ActiveRecord: 0.0ms)


Started GET "/users/sign_up" for 127.0.0.1 at 2018-09-20 00:18:25 +0900
Processing by Users::RegistrationsController#new as */*
  Rendering devise/registrations/new.html.erb within layouts/application
  Rendered shared/_navback.html.erb (0.3ms)
  Rendered shared/_input.html.erb (0.8ms)
  Rendered shared/_input.html.erb (0.3ms)
  Rendered shared/_input.html.erb (0.3ms)
  Rendered shared/_submit.html.erb (0.5ms)
  Rendered devise/shared/_links.html.erb (0.7ms)
  Rendered devise/registrations/new.html.erb within layouts/application (13.5ms)
  Rendered shared/_routes.html.erb (3.3ms)
Completed 200 OK in 59ms (Views: 58.2ms | ActiveRecord: 0.0ms)


Started POST "/users" for 127.0.0.1 at 2018-09-20 00:18:35 +0900
Processing by Users::RegistrationsController#create as HTML
  Parameters: {"utf8"=>"âœ“", "authenticity_token"=>"iErMT+bs9+owZMWVfUHk3Hj1hIGfWGQ0rfhnEtaf0zksWs2x7Toehx7tKgwNnMZwhuf9stokk/GDwKlTXJyA+w==", "user"=>{"email"=>"test@1.1", "password"=>"[FILTERED]", "password_confirmation"=>"[FILTERED]"}, "commit"=>"íšŒì›ê°€ìž…"}
  [1m[35m (0.1ms)[0m  [1m[36mbegin transaction[0m
  â†³ /Users/heesu/.rvm/gems/ruby-2.4.2/gems/activerecord-5.2.0/lib/active_record/log_subscriber.rb:98
  [1m[36mUser Exists (0.5ms)[0m  [1m[34mSELECT  1 AS one FROM "users" WHERE "users"."email" = ? LIMIT ?[0m  [["email", "test@1.1"], ["LIMIT", 1]]
  â†³ /Users/heesu/.rvm/gems/ruby-2.4.2/gems/activerecord-5.2.0/lib/active_record/log_subscriber.rb:98
  [1m[36mUser Create (2.0ms)[0m  [1m[32mINSERT INTO "users" ("email", "encrypted_password", "created_at", "updated_at") VALUES (?, ?, ?, ?)[0m  [["email", "test@1.1"], ["encrypted_password", "$2a$11$.G6cV0./RP691FxtfnpfD.fXOK./vrY7CpM7PIbWQ0R/hcpi1V65y"], ["created_at", "2018-09-19 15:18:36.078111"], ["updated_at", "2018-09-19 15:18:36.078111"]]
  â†³ /Users/heesu/.rvm/gems/ruby-2.4.2/gems/activerecord-5.2.0/lib/active_record/log_subscriber.rb:98
  [1m[35m (0.6ms)[0m  [1m[36mcommit transaction[0m
  â†³ /Users/heesu/.rvm/gems/ruby-2.4.2/gems/activerecord-5.2.0/lib/active_record/log_subscriber.rb:98
  [1m[35m (0.1ms)[0m  [1m[36mbegin transaction[0m
  â†³ /Users/heesu/.rvm/gems/ruby-2.4.2/gems/activerecord-5.2.0/lib/active_record/log_subscriber.rb:98
  [1m[36mUser Update (0.3ms)[0m  [1m[33mUPDATE "users" SET "sign_in_count" = ?, "current_sign_in_at" = ?, "last_sign_in_at" = ?, "current_sign_in_ip" = ?, "last_sign_in_ip" = ?, "updated_at" = ? WHERE "users"."id" = ?[0m  [["sign_in_count", 1], ["current_sign_in_at", "2018-09-19 15:18:36.083975"], ["last_sign_in_at", "2018-09-19 15:18:36.083975"], ["current_sign_in_ip", "127.0.0.1"], ["last_sign_in_ip", "127.0.0.1"], ["updated_at", "2018-09-19 15:18:36.084623"], ["id", 1]]
  â†³ /Users/heesu/.rvm/gems/ruby-2.4.2/gems/activerecord-5.2.0/lib/active_record/log_subscriber.rb:98
  [1m[35m (0.6ms)[0m  [1m[36mcommit transaction[0m
  â†³ /Users/heesu/.rvm/gems/ruby-2.4.2/gems/activerecord-5.2.0/lib/active_record/log_subscriber.rb:98
Redirected to http://localhost:3000/
Completed 302 Found in 193ms (ActiveRecord: 4.2ms)


Started GET "/" for 127.0.0.1 at 2018-09-20 00:18:36 +0900
Processing by HomeController#index as HTML
  [1m[36mUser Load (0.2ms)[0m  [1m[34mSELECT  "users".* FROM "users" WHERE "users"."id" = ? ORDER BY "users"."id" ASC LIMIT ?[0m  [["id", 1], ["LIMIT", 1]]
  â†³ /Users/heesu/.rvm/gems/ruby-2.4.2/gems/activerecord-5.2.0/lib/active_record/log_subscriber.rb:98
  Rendering home/index.html.erb within layouts/application
  Rendered shared/_navbar.html.erb (0.4ms)
  Rendered shared/_left.html.erb (0.8ms)
  Rendered shared/_right.html.erb (0.4ms)
  Rendered home/index.html.erb within layouts/application (15.6ms)
  Rendered shared/_routes.html.erb (3.7ms)
Completed 200 OK in 75ms (Views: 56.6ms | ActiveRecord: 0.2ms)


Started GET "/users/sign_out" for 127.0.0.1 at 2018-09-20 00:18:41 +0900
  
ActionController::RoutingError (uninitialized constant UsersController):
  
bootsnap (1.3.0) lib/bootsnap/load_path_cache/core_ext/active_support.rb:53:in `block in load_missing_constant'
bootsnap (1.3.0) lib/bootsnap/load_path_cache/core_ext/active_support.rb:8:in `without_bootsnap_cache'
bootsnap (1.3.0) lib/bootsnap/load_path_cache/core_ext/active_support.rb:53:in `rescue in load_missing_constant'
bootsnap (1.3.0) lib/bootsnap/load_path_cache/core_ext/active_support.rb:43:in `load_missing_constant'
activesupport (5.2.0) lib/active_support/inflector/methods.rb:283:in `const_get'
activesupport (5.2.0) lib/active_support/inflector/methods.rb:283:in `block in constantize'
activesupport (5.2.0) lib/active_support/inflector/methods.rb:281:in `each'
activesupport (5.2.0) lib/active_support/inflector/methods.rb:281:in `inject'
activesupport (5.2.0) lib/active_support/inflector/methods.rb:281:in `constantize'
actionpack (5.2.0) lib/action_dispatch/http/request.rb:88:in `controller_class_for'
actionpack (5.2.0) lib/action_dispatch/http/request.rb:81:in `controller_class'
actionpack (5.2.0) lib/action_dispatch/routing/route_set.rb:46:in `controller'
actionpack (5.2.0) lib/action_dispatch/routing/route_set.rb:32:in `serve'
actionpack (5.2.0) lib/action_dispatch/journey/router.rb:52:in `block in serve'
actionpack (5.2.0) lib/action_dispatch/journey/router.rb:35:in `each'
actionpack (5.2.0) lib/action_dispatch/journey/router.rb:35:in `serve'
actionpack (5.2.0) lib/action_dispatch/routing/route_set.rb:840:in `call'
warden (1.2.7) lib/warden/manager.rb:36:in `block in call'
warden (1.2.7) lib/warden/manager.rb:35:in `catch'
warden (1.2.7) lib/warden/manager.rb:35:in `call'
rack (2.0.5) lib/rack/tempfile_reaper.rb:15:in `call'
rack (2.0.5) lib/rack/etag.rb:25:in `call'
rack (2.0.5) lib/rack/conditional_get.rb:25:in `call'
rack (2.0.5) lib/rack/head.rb:12:in `call'
actionpack (5.2.0) lib/action_dispatch/http/content_security_policy.rb:18:in `call'
rack (2.0.5) lib/rack/session/abstract/id.rb:232:in `context'
rack (2.0.5) lib/rack/session/abstract/id.rb:226:in `call'
actionpack (5.2.0) lib/action_dispatch/middleware/cookies.rb:670:in `call'
activerecord (5.2.0) lib/active_record/migration.rb:559:in `call'
actionpack (5.2.0) lib/action_dispatch/middleware/callbacks.rb:28:in `block in call'
activesupport (5.2.0) lib/active_support/callbacks.rb:98:in `run_callbacks'
actionpack (5.2.0) lib/action_dispatch/middleware/callbacks.rb:26:in `call'
actionpack (5.2.0) lib/action_dispatch/middleware/executor.rb:14:in `call'
actionpack (5.2.0) lib/action_dispatch/middleware/debug_exceptions.rb:61:in `call'
web-console (3.6.2) lib/web_console/middleware.rb:135:in `call_app'
web-console (3.6.2) lib/web_console/middleware.rb:30:in `block in call'
web-console (3.6.2) lib/web_console/middleware.rb:20:in `catch'
web-console (3.6.2) lib/web_console/middleware.rb:20:in `call'
actionpack (5.2.0) lib/action_dispatch/middleware/show_exceptions.rb:33:in `call'
railties (5.2.0) lib/rails/rack/logger.rb:38:in `call_app'
railties (5.2.0) lib/rails/rack/logger.rb:26:in `block in call'
activesupport (5.2.0) lib/active_support/tagged_logging.rb:71:in `block in tagged'
activesupport (5.2.0) lib/active_support/tagged_logging.rb:28:in `tagged'
activesupport (5.2.0) lib/active_support/tagged_logging.rb:71:in `tagged'
railties (5.2.0) lib/rails/rack/logger.rb:26:in `call'
sprockets-rails (3.2.1) lib/sprockets/rails/quiet_assets.rb:13:in `call'
actionpack (5.2.0) lib/action_dispatch/middleware/remote_ip.rb:81:in `call'
request_store (1.4.1) lib/request_store/middleware.rb:19:in `call'
actionpack (5.2.0) lib/action_dispatch/middleware/request_id.rb:27:in `call'
rack (2.0.5) lib/rack/method_override.rb:22:in `call'
rack (2.0.5) lib/rack/runtime.rb:22:in `call'
activesupport (5.2.0) lib/active_support/cache/strategy/local_cache_middleware.rb:29:in `call'
actionpack (5.2.0) lib/action_dispatch/middleware/executor.rb:14:in `call'
actionpack (5.2.0) lib/action_dispatch/middleware/static.rb:127:in `call'
rack (2.0.5) lib/rack/sendfile.rb:111:in `call'
railties (5.2.0) lib/rails/engine.rb:524:in `call'
puma (3.11.4) lib/puma/configuration.rb:225:in `call'
puma (3.11.4) lib/puma/server.rb:632:in `handle_request'
puma (3.11.4) lib/puma/server.rb:446:in `process_client'
puma (3.11.4) lib/puma/server.rb:306:in `block in run'
puma (3.11.4) lib/puma/thread_pool.rb:120:in `block in spawn_thread'
Started DELETE "/users/sign_out" for 127.0.0.1 at 2018-09-20 00:18:41 +0900
Processing by Users::SessionsController#destroy as HTML
  Parameters: {"authenticity_token"=>"/LBDrIpJrBcseAIXHIPxCLLj/kK1DMARhFC/+pXgycnqp6bph78mgB0xgS71vhDMiU48IuxGOeJj0F0fTbJnGg=="}
  [1m[36mUser Load (0.2ms)[0m  [1m[34mSELECT  "users".* FROM "users" WHERE "users"."id" = ? ORDER BY "users"."id" ASC LIMIT ?[0m  [["id", 1], ["LIMIT", 1]]
  â†³ /Users/heesu/.rvm/gems/ruby-2.4.2/gems/activerecord-5.2.0/lib/active_record/log_subscriber.rb:98
  [1m[35m (0.1ms)[0m  [1m[36mbegin transaction[0m
  â†³ /Users/heesu/.rvm/gems/ruby-2.4.2/gems/activerecord-5.2.0/lib/active_record/log_subscriber.rb:98
  [1m[35m (0.1ms)[0m  [1m[36mcommit transaction[0m
  â†³ /Users/heesu/.rvm/gems/ruby-2.4.2/gems/activerecord-5.2.0/lib/active_record/log_subscriber.rb:98
Redirected to http://localhost:3000/
Completed 302 Found in 10ms (ActiveRecord: 0.3ms)


Started GET "/" for 127.0.0.1 at 2018-09-20 00:18:41 +0900
Processing by HomeController#index as HTML
Completed 401 Unauthorized in 1ms (ActiveRecord: 0.0ms)


Started GET "/users/sign_in" for 127.0.0.1 at 2018-09-20 00:18:41 +0900
Processing by Users::SessionsController#new as HTML
  Rendering devise/sessions/new.html.erb within layouts/application
  Rendered devise/sessions/new.html.erb within layouts/application (2.9ms)
  Rendered shared/_routes.html.erb (4.8ms)
Completed 200 OK in 78ms (Views: 67.4ms | ActiveRecord: 0.0ms)


Started POST "/users/sign_in" for 127.0.0.1 at 2018-09-20 00:18:51 +0900
Processing by Users::SessionsController#create as HTML
  Parameters: {"utf8"=>"âœ“", "authenticity_token"=>"8goHP7mZwS4Iayyb/Tb/+iNn8rP2dz0QH2F4LNbggQBiYO/LuyXWHE3WxgEcl3IB893Y0IEzL/fB3UswKzyIOA==", "user"=>{"email"=>"test@1.1", "password"=>"[FILTERED]", "remember_me"=>"0"}, "button"=>""}
  [1m[36mUser Load (0.2ms)[0m  [1m[34mSELECT  "users".* FROM "users" WHERE "users"."email" = ? ORDER BY "users"."id" ASC LIMIT ?[0m  [["email", "test@1.1"], ["LIMIT", 1]]
  â†³ /Users/heesu/.rvm/gems/ruby-2.4.2/gems/activerecord-5.2.0/lib/active_record/log_subscriber.rb:98
  [1m[35m (0.1ms)[0m  [1m[36mbegin transaction[0m
  â†³ /Users/heesu/.rvm/gems/ruby-2.4.2/gems/activerecord-5.2.0/lib/active_record/log_subscriber.rb:98
  [1m[36mUser Update (0.4ms)[0m  [1m[33mUPDATE "users" SET "current_sign_in_at" = ?, "sign_in_count" = ?, "updated_at" = ? WHERE "users"."id" = ?[0m  [["current_sign_in_at", "2018-09-19 15:18:51.460625"], ["sign_in_count", 2], ["updated_at", "2018-09-19 15:18:51.461617"], ["id", 1]]
  â†³ /Users/heesu/.rvm/gems/ruby-2.4.2/gems/activerecord-5.2.0/lib/active_record/log_subscriber.rb:98
  [1m[35m (1.8ms)[0m  [1m[36mcommit transaction[0m
  â†³ /Users/heesu/.rvm/gems/ruby-2.4.2/gems/activerecord-5.2.0/lib/active_record/log_subscriber.rb:98
Redirected to http://localhost:3000/
Completed 302 Found in 166ms (ActiveRecord: 2.5ms)


Started GET "/" for 127.0.0.1 at 2018-09-20 00:18:51 +0900
Processing by HomeController#index as HTML
  [1m[36mUser Load (0.2ms)[0m  [1m[34mSELECT  "users".* FROM "users" WHERE "users"."id" = ? ORDER BY "users"."id" ASC LIMIT ?[0m  [["id", 1], ["LIMIT", 1]]
  â†³ /Users/heesu/.rvm/gems/ruby-2.4.2/gems/activerecord-5.2.0/lib/active_record/log_subscriber.rb:98
  Rendering home/index.html.erb within layouts/application
  Rendered shared/_navbar.html.erb (0.3ms)
  Rendered shared/_left.html.erb (0.6ms)
  Rendered shared/_right.html.erb (0.3ms)
  Rendered home/index.html.erb within layouts/application (6.6ms)
  Rendered shared/_routes.html.erb (5.8ms)
Completed 200 OK in 43ms (Views: 40.1ms | ActiveRecord: 0.2ms)


Started GET "/" for 127.0.0.1 at 2018-09-20 00:20:21 +0900
Processing by HomeController#index as HTML
  [1m[36mUser Load (0.2ms)[0m  [1m[34mSELECT  "users".* FROM "users" WHERE "users"."id" = ? ORDER BY "users"."id" ASC LIMIT ?[0m  [["id", 1], ["LIMIT", 1]]
  â†³ /Users/heesu/.rvm/gems/ruby-2.4.2/gems/activerecord-5.2.0/lib/active_record/log_subscriber.rb:98
  Rendering home/index.html.erb within layouts/application
  Rendered shared/_navbar.html.erb (0.3ms)
  Rendered shared/_left.html.erb (0.7ms)
  Rendered shared/_right.html.erb (0.4ms)
  Rendered home/index.html.erb within layouts/application (8.5ms)
  Rendered shared/_routes.html.erb (3.7ms)
Completed 200 OK in 39ms (Views: 35.6ms | ActiveRecord: 0.2ms)


Started GET "/" for 127.0.0.1 at 2018-09-20 00:20:44 +0900
Processing by HomeController#index as HTML
  [1m[36mUser Load (0.2ms)[0m  [1m[34mSELECT  "users".* FROM "users" WHERE "users"."id" = ? ORDER BY "users"."id" ASC LIMIT ?[0m  [["id", 1], ["LIMIT", 1]]
  â†³ /Users/heesu/.rvm/gems/ruby-2.4.2/gems/activerecord-5.2.0/lib/active_record/log_subscriber.rb:98
  Rendering home/index.html.erb within layouts/application
  Rendered shared/_navbar.html.erb (0.3ms)
  Rendered shared/_left.html.erb (0.5ms)
  Rendered shared/_right.html.erb (0.3ms)
  Rendered home/index.html.erb within layouts/application (7.4ms)
  Rendered shared/_routes.html.erb (3.1ms)
Completed 200 OK in 38ms (Views: 34.6ms | ActiveRecord: 0.2ms)


